0 info it worked if it ends with ok
1 verbose cli [ '/usr/local/bin/node',
1 verbose cli   '/usr/local/bin/npm',
1 verbose cli   'install',
1 verbose cli   '-g',
1 verbose cli   'git-public-url' ]
2 info using npm@3.10.10
3 info using node@v6.9.4
4 silly loadCurrentTree Starting
5 silly install loadCurrentTree
6 silly install readGlobalPackageData
7 silly fetchPackageMetaData git-public-url
8 silly fetchNamedPackageData git-public-url
9 silly mapToRegistry name git-public-url
10 silly mapToRegistry using default registry
11 silly mapToRegistry registry https://registry.npmjs.org/
12 silly mapToRegistry data Result {
12 silly mapToRegistry   raw: 'git-public-url',
12 silly mapToRegistry   scope: null,
12 silly mapToRegistry   escapedName: 'git-public-url',
12 silly mapToRegistry   name: 'git-public-url',
12 silly mapToRegistry   rawSpec: '',
12 silly mapToRegistry   spec: 'latest',
12 silly mapToRegistry   type: 'tag' }
13 silly mapToRegistry uri https://registry.npmjs.org/git-public-url
14 verbose request uri https://registry.npmjs.org/git-public-url
15 verbose request no auth needed
16 info attempt registry request try #1 at 6:43:23 PM
17 verbose request id 3d407e832ce8a970
18 http request GET https://registry.npmjs.org/git-public-url
19 http 200 https://registry.npmjs.org/git-public-url
20 verbose headers { server: 'nginx/1.10.1',
20 verbose headers   'content-type': 'application/json',
20 verbose headers   'last-modified': 'Thu, 14 Jul 2016 22:49:10 GMT',
20 verbose headers   etag: 'W/"578816e6-1c6c"',
20 verbose headers   'content-encoding': 'gzip',
20 verbose headers   'cache-control': 'max-age=300',
20 verbose headers   'content-length': '1616',
20 verbose headers   'accept-ranges': 'bytes',
20 verbose headers   date: 'Mon, 30 Jan 2017 15:43:25 GMT',
20 verbose headers   via: '1.1 varnish',
20 verbose headers   age: '0',
20 verbose headers   connection: 'keep-alive',
20 verbose headers   'x-served-by': 'cache-ams4441-AMS',
20 verbose headers   'x-cache': 'MISS',
20 verbose headers   'x-cache-hits': '0',
20 verbose headers   'x-timer': 'S1485791005.227875,VS0,VE49',
20 verbose headers   vary: 'Accept-Encoding' }
21 silly get cb [ 200,
21 silly get   { server: 'nginx/1.10.1',
21 silly get     'content-type': 'application/json',
21 silly get     'last-modified': 'Thu, 14 Jul 2016 22:49:10 GMT',
21 silly get     etag: 'W/"578816e6-1c6c"',
21 silly get     'content-encoding': 'gzip',
21 silly get     'cache-control': 'max-age=300',
21 silly get     'content-length': '1616',
21 silly get     'accept-ranges': 'bytes',
21 silly get     date: 'Mon, 30 Jan 2017 15:43:25 GMT',
21 silly get     via: '1.1 varnish',
21 silly get     age: '0',
21 silly get     connection: 'keep-alive',
21 silly get     'x-served-by': 'cache-ams4441-AMS',
21 silly get     'x-cache': 'MISS',
21 silly get     'x-cache-hits': '0',
21 silly get     'x-timer': 'S1485791005.227875,VS0,VE49',
21 silly get     vary: 'Accept-Encoding' } ]
22 verbose get saving git-public-url to /Users/egorhaskirish/.npm/registry.npmjs.org/git-public-url/.cache.json
23 verbose correctMkdir /Users/egorhaskirish/.npm correctMkdir not in flight; initializing
24 verbose makeDirectory /Users/egorhaskirish/.npm creation not in flight; initializing
25 silly makeDirectory /Users/egorhaskirish/.npm uid: 501 gid: 20
26 silly install normalizeTree
27 silly loadCurrentTree Finishing
28 silly loadIdealTree Starting
29 silly install loadIdealTree
30 silly cloneCurrentTree Starting
31 silly install cloneCurrentTreeToIdealTree
32 silly cloneCurrentTree Finishing
33 silly loadShrinkwrap Starting
34 silly install loadShrinkwrap
35 silly loadShrinkwrap Finishing
36 silly loadAllDepsIntoIdealTree Starting
37 silly install loadAllDepsIntoIdealTree
38 silly resolveWithNewModule git-public-url@1.0.3 checking installable status
39 silly cache add args [ 'git-public-url', null ]
40 verbose cache add spec git-public-url
41 silly cache add parsed spec Result {
41 silly cache add   raw: 'git-public-url',
41 silly cache add   scope: null,
41 silly cache add   escapedName: 'git-public-url',
41 silly cache add   name: 'git-public-url',
41 silly cache add   rawSpec: '',
41 silly cache add   spec: 'latest',
41 silly cache add   type: 'tag' }
42 silly addNamed git-public-url@latest
43 verbose addNamed "latest" is being treated as a dist-tag for git-public-url
44 info addNameTag [ 'git-public-url', 'latest' ]
45 silly mapToRegistry name git-public-url
46 silly mapToRegistry using default registry
47 silly mapToRegistry registry https://registry.npmjs.org/
48 silly mapToRegistry data Result {
48 silly mapToRegistry   raw: 'git-public-url',
48 silly mapToRegistry   scope: null,
48 silly mapToRegistry   escapedName: 'git-public-url',
48 silly mapToRegistry   name: 'git-public-url',
48 silly mapToRegistry   rawSpec: '',
48 silly mapToRegistry   spec: 'latest',
48 silly mapToRegistry   type: 'tag' }
49 silly mapToRegistry uri https://registry.npmjs.org/git-public-url
50 verbose addNameTag registry:https://registry.npmjs.org/git-public-url not in flight; fetching
51 verbose get https://registry.npmjs.org/git-public-url not expired, no request
52 silly addNameTag next cb for git-public-url with tag latest
53 silly addNamed git-public-url@1.0.3
54 verbose addNamed "1.0.3" is a plain semver version for git-public-url
55 silly mapToRegistry name git-public-url
56 silly mapToRegistry using default registry
57 silly mapToRegistry registry https://registry.npmjs.org/
58 silly mapToRegistry data Result {
58 silly mapToRegistry   raw: 'git-public-url',
58 silly mapToRegistry   scope: null,
58 silly mapToRegistry   escapedName: 'git-public-url',
58 silly mapToRegistry   name: 'git-public-url',
58 silly mapToRegistry   rawSpec: '',
58 silly mapToRegistry   spec: 'latest',
58 silly mapToRegistry   type: 'tag' }
59 silly mapToRegistry uri https://registry.npmjs.org/git-public-url
60 verbose addRemoteTarball https://registry.npmjs.org/git-public-url/-/git-public-url-1.0.3.tgz not in flight; adding
61 verbose addRemoteTarball [ 'https://registry.npmjs.org/git-public-url/-/git-public-url-1.0.3.tgz',
61 verbose addRemoteTarball   'e57636a455fa618ac3e88999b61595f18ecb9a4c' ]
62 info retry fetch attempt 1 at 6:43:23 PM
63 info attempt registry request try #1 at 6:43:23 PM
64 http fetch GET https://registry.npmjs.org/git-public-url/-/git-public-url-1.0.3.tgz
65 http fetch 200 https://registry.npmjs.org/git-public-url/-/git-public-url-1.0.3.tgz
66 silly fetchAndShaCheck shasum e57636a455fa618ac3e88999b61595f18ecb9a4c
67 verbose addTmpTarball /var/folders/bl/g8swbtg93_746wk4h_3x6rbc0000gn/T/npm-7803-7da2a330/registry.npmjs.org/git-public-url/-/git-public-url-1.0.3.tgz not in flight; adding
68 verbose addTmpTarball already have metadata; skipping unpack for git-public-url@1.0.3
69 verbose correctMkdir /Users/egorhaskirish/.npm correctMkdir not in flight; initializing
70 silly cache afterAdd git-public-url@1.0.3
71 verbose afterAdd /Users/egorhaskirish/.npm/git-public-url/1.0.3/package/package.json not in flight; writing
72 verbose correctMkdir /Users/egorhaskirish/.npm correctMkdir not in flight; initializing
73 verbose afterAdd /Users/egorhaskirish/.npm/git-public-url/1.0.3/package/package.json written
74 silly fetchNamedPackageData async
75 silly mapToRegistry name async
76 silly mapToRegistry using default registry
77 silly mapToRegistry registry https://registry.npmjs.org/
78 silly mapToRegistry data Result {
78 silly mapToRegistry   raw: 'async',
78 silly mapToRegistry   scope: null,
78 silly mapToRegistry   escapedName: 'async',
78 silly mapToRegistry   name: 'async',
78 silly mapToRegistry   rawSpec: '',
78 silly mapToRegistry   spec: 'latest',
78 silly mapToRegistry   type: 'tag' }
79 silly mapToRegistry uri https://registry.npmjs.org/async
80 silly fetchNamedPackageData commit-hash
81 silly mapToRegistry name commit-hash
82 silly mapToRegistry using default registry
83 silly mapToRegistry registry https://registry.npmjs.org/
84 silly mapToRegistry data Result {
84 silly mapToRegistry   raw: 'commit-hash',
84 silly mapToRegistry   scope: null,
84 silly mapToRegistry   escapedName: 'commit-hash',
84 silly mapToRegistry   name: 'commit-hash',
84 silly mapToRegistry   rawSpec: '',
84 silly mapToRegistry   spec: 'latest',
84 silly mapToRegistry   type: 'tag' }
85 silly mapToRegistry uri https://registry.npmjs.org/commit-hash
86 silly fetchNamedPackageData lodash
87 silly mapToRegistry name lodash
88 silly mapToRegistry using default registry
89 silly mapToRegistry registry https://registry.npmjs.org/
90 silly mapToRegistry data Result {
90 silly mapToRegistry   raw: 'lodash',
90 silly mapToRegistry   scope: null,
90 silly mapToRegistry   escapedName: 'lodash',
90 silly mapToRegistry   name: 'lodash',
90 silly mapToRegistry   rawSpec: '',
90 silly mapToRegistry   spec: 'latest',
90 silly mapToRegistry   type: 'tag' }
91 silly mapToRegistry uri https://registry.npmjs.org/lodash
92 silly fetchNamedPackageData minimist
93 silly mapToRegistry name minimist
94 silly mapToRegistry using default registry
95 silly mapToRegistry registry https://registry.npmjs.org/
96 silly mapToRegistry data Result {
96 silly mapToRegistry   raw: 'minimist',
96 silly mapToRegistry   scope: null,
96 silly mapToRegistry   escapedName: 'minimist',
96 silly mapToRegistry   name: 'minimist',
96 silly mapToRegistry   rawSpec: '',
96 silly mapToRegistry   spec: 'latest',
96 silly mapToRegistry   type: 'tag' }
97 silly mapToRegistry uri https://registry.npmjs.org/minimist
98 silly fetchNamedPackageData open
99 silly mapToRegistry name open
100 silly mapToRegistry using default registry
101 silly mapToRegistry registry https://registry.npmjs.org/
102 silly mapToRegistry data Result {
102 silly mapToRegistry   raw: 'open',
102 silly mapToRegistry   scope: null,
102 silly mapToRegistry   escapedName: 'open',
102 silly mapToRegistry   name: 'open',
102 silly mapToRegistry   rawSpec: '',
102 silly mapToRegistry   spec: 'latest',
102 silly mapToRegistry   type: 'tag' }
103 silly mapToRegistry uri https://registry.npmjs.org/open
104 silly fetchNamedPackageData parse-repo
105 silly mapToRegistry name parse-repo
106 silly mapToRegistry using default registry
107 silly mapToRegistry registry https://registry.npmjs.org/
108 silly mapToRegistry data Result {
108 silly mapToRegistry   raw: 'parse-repo',
108 silly mapToRegistry   scope: null,
108 silly mapToRegistry   escapedName: 'parse-repo',
108 silly mapToRegistry   name: 'parse-repo',
108 silly mapToRegistry   rawSpec: '',
108 silly mapToRegistry   spec: 'latest',
108 silly mapToRegistry   type: 'tag' }
109 silly mapToRegistry uri https://registry.npmjs.org/parse-repo
110 verbose request uri https://registry.npmjs.org/async
111 verbose request no auth needed
112 info attempt registry request try #1 at 6:43:24 PM
113 http request GET https://registry.npmjs.org/async
114 verbose request uri https://registry.npmjs.org/commit-hash
115 verbose request no auth needed
116 info attempt registry request try #1 at 6:43:24 PM
117 http request GET https://registry.npmjs.org/commit-hash
118 verbose request uri https://registry.npmjs.org/lodash
119 verbose request no auth needed
120 info attempt registry request try #1 at 6:43:24 PM
121 http request GET https://registry.npmjs.org/lodash
122 verbose request uri https://registry.npmjs.org/minimist
123 verbose request no auth needed
124 info attempt registry request try #1 at 6:43:24 PM
125 http request GET https://registry.npmjs.org/minimist
126 verbose request uri https://registry.npmjs.org/open
127 verbose request no auth needed
128 info attempt registry request try #1 at 6:43:24 PM
129 http request GET https://registry.npmjs.org/open
130 verbose request uri https://registry.npmjs.org/parse-repo
131 verbose request no auth needed
132 info attempt registry request try #1 at 6:43:24 PM
133 http request GET https://registry.npmjs.org/parse-repo
134 http 200 https://registry.npmjs.org/async
135 verbose headers { server: 'nginx/1.10.1',
135 verbose headers   'content-type': 'application/json',
135 verbose headers   'last-modified': 'Mon, 30 Jan 2017 02:15:53 GMT',
135 verbose headers   etag: 'W/"588ea1d9-1d42f"',
135 verbose headers   'content-encoding': 'gzip',
135 verbose headers   'cache-control': 'max-age=300',
135 verbose headers   'content-length': '15290',
135 verbose headers   'accept-ranges': 'bytes',
135 verbose headers   date: 'Mon, 30 Jan 2017 15:43:25 GMT',
135 verbose headers   via: '1.1 varnish',
135 verbose headers   age: '280',
135 verbose headers   connection: 'keep-alive',
135 verbose headers   'x-served-by': 'cache-ams4441-AMS',
135 verbose headers   'x-cache': 'HIT',
135 verbose headers   'x-cache-hits': '14',
135 verbose headers   'x-timer': 'S1485791005.533737,VS0,VE0',
135 verbose headers   vary: 'Accept-Encoding' }
136 silly get cb [ 200,
136 silly get   { server: 'nginx/1.10.1',
136 silly get     'content-type': 'application/json',
136 silly get     'last-modified': 'Mon, 30 Jan 2017 02:15:53 GMT',
136 silly get     etag: 'W/"588ea1d9-1d42f"',
136 silly get     'content-encoding': 'gzip',
136 silly get     'cache-control': 'max-age=300',
136 silly get     'content-length': '15290',
136 silly get     'accept-ranges': 'bytes',
136 silly get     date: 'Mon, 30 Jan 2017 15:43:25 GMT',
136 silly get     via: '1.1 varnish',
136 silly get     age: '280',
136 silly get     connection: 'keep-alive',
136 silly get     'x-served-by': 'cache-ams4441-AMS',
136 silly get     'x-cache': 'HIT',
136 silly get     'x-cache-hits': '14',
136 silly get     'x-timer': 'S1485791005.533737,VS0,VE0',
136 silly get     vary: 'Accept-Encoding' } ]
137 verbose get saving async to /Users/egorhaskirish/.npm/registry.npmjs.org/async/.cache.json
138 verbose correctMkdir /Users/egorhaskirish/.npm correctMkdir not in flight; initializing
139 silly resolveWithNewModule async@2.1.4 checking installable status
140 silly cache add args [ 'async@^2.0.0-rc.5', null ]
141 verbose cache add spec async@^2.0.0-rc.5
142 silly cache add parsed spec Result {
142 silly cache add   raw: 'async@^2.0.0-rc.5',
142 silly cache add   scope: null,
142 silly cache add   escapedName: 'async',
142 silly cache add   name: 'async',
142 silly cache add   rawSpec: '^2.0.0-rc.5',
142 silly cache add   spec: '>=2.0.0-rc.5 <3.0.0',
142 silly cache add   type: 'range' }
143 silly addNamed async@>=2.0.0-rc.5 <3.0.0
144 verbose addNamed ">=2.0.0-rc.5 <3.0.0" is a valid semver range for async
145 silly addNameRange { name: 'async', range: '>=2.0.0-rc.5 <3.0.0', hasData: false }
146 silly mapToRegistry name async
147 silly mapToRegistry using default registry
148 silly mapToRegistry registry https://registry.npmjs.org/
149 silly mapToRegistry data Result {
149 silly mapToRegistry   raw: 'async',
149 silly mapToRegistry   scope: null,
149 silly mapToRegistry   escapedName: 'async',
149 silly mapToRegistry   name: 'async',
149 silly mapToRegistry   rawSpec: '',
149 silly mapToRegistry   spec: 'latest',
149 silly mapToRegistry   type: 'tag' }
150 silly mapToRegistry uri https://registry.npmjs.org/async
151 verbose addNameRange registry:https://registry.npmjs.org/async not in flight; fetching
152 verbose get https://registry.npmjs.org/async not expired, no request
153 silly addNameRange number 2 { name: 'async', range: '>=2.0.0-rc.5 <3.0.0', hasData: true }
154 silly addNameRange versions [ 'async',
154 silly addNameRange   [ '0.1.0',
154 silly addNameRange     '0.1.1',
154 silly addNameRange     '0.1.2',
154 silly addNameRange     '0.1.3',
154 silly addNameRange     '0.1.4',
154 silly addNameRange     '0.1.5',
154 silly addNameRange     '0.1.6',
154 silly addNameRange     '0.1.7',
154 silly addNameRange     '0.1.8',
154 silly addNameRange     '0.1.9',
154 silly addNameRange     '0.1.10',
154 silly addNameRange     '0.1.11',
154 silly addNameRange     '0.1.12',
154 silly addNameRange     '0.1.13',
154 silly addNameRange     '0.1.14',
154 silly addNameRange     '0.1.15',
154 silly addNameRange     '0.1.16',
154 silly addNameRange     '0.1.17',
154 silly addNameRange     '0.1.18',
154 silly addNameRange     '0.1.19',
154 silly addNameRange     '0.1.20',
154 silly addNameRange     '0.1.21',
154 silly addNameRange     '0.1.22',
154 silly addNameRange     '0.2.0',
154 silly addNameRange     '0.2.1',
154 silly addNameRange     '0.2.2',
154 silly addNameRange     '0.2.3',
154 silly addNameRange     '0.2.4',
154 silly addNameRange     '0.2.5',
154 silly addNameRange     '0.2.6',
154 silly addNameRange     '0.2.7',
154 silly addNameRange     '0.2.8',
154 silly addNameRange     '0.2.9',
154 silly addNameRange     '0.2.10',
154 silly addNameRange     '0.3.0',
154 silly addNameRange     '0.4.0',
154 silly addNameRange     '0.4.1',
154 silly addNameRange     '0.5.0',
154 silly addNameRange     '0.6.0',
154 silly addNameRange     '0.6.1',
154 silly addNameRange     '0.6.2',
154 silly addNameRange     '0.7.0',
154 silly addNameRange     '0.8.0',
154 silly addNameRange     '0.9.0',
154 silly addNameRange     '0.9.2',
154 silly addNameRange     '1.0.0',
154 silly addNameRange     '1.1.0',
154 silly addNameRange     '1.2.0',
154 silly addNameRange     '1.1.1',
154 silly addNameRange     '1.2.1',
154 silly addNameRange     '1.3.0',
154 silly addNameRange     '1.4.0',
154 silly addNameRange     '1.4.1',
154 silly addNameRange     '1.4.2',
154 silly addNameRange     '1.5.0',
154 silly addNameRange     '1.5.1',
154 silly addNameRange     '1.5.2',
154 silly addNameRange     '2.0.0-alpha.0',
154 silly addNameRange     '2.0.0-rc.1',
154 silly addNameRange     '2.0.0-rc.2',
154 silly addNameRange     '2.0.0-rc.3',
154 silly addNameRange     '2.0.0-rc.4',
154 silly addNameRange     '2.0.0-rc.5',
154 silly addNameRange     '2.0.0-rc.6',
154 silly addNameRange     '2.0.0',
154 silly addNameRange     '2.0.1',
154 silly addNameRange     '2.1.0',
154 silly addNameRange     '2.1.1',
154 silly addNameRange     '2.1.2',
154 silly addNameRange     '2.1.4' ] ]
155 silly addNamed async@2.1.4
156 verbose addNamed "2.1.4" is a plain semver version for async
157 silly mapToRegistry name async
158 silly mapToRegistry using default registry
159 silly mapToRegistry registry https://registry.npmjs.org/
160 silly mapToRegistry data Result {
160 silly mapToRegistry   raw: 'async',
160 silly mapToRegistry   scope: null,
160 silly mapToRegistry   escapedName: 'async',
160 silly mapToRegistry   name: 'async',
160 silly mapToRegistry   rawSpec: '',
160 silly mapToRegistry   spec: 'latest',
160 silly mapToRegistry   type: 'tag' }
161 silly mapToRegistry uri https://registry.npmjs.org/async
162 verbose addRemoteTarball https://registry.npmjs.org/async/-/async-2.1.4.tgz not in flight; adding
163 verbose addRemoteTarball [ 'https://registry.npmjs.org/async/-/async-2.1.4.tgz',
163 verbose addRemoteTarball   '2d2160c7788032e4dd6cbe2502f1f9a2c8f6cde4' ]
164 info retry fetch attempt 1 at 6:43:24 PM
165 info attempt registry request try #1 at 6:43:24 PM
166 http fetch GET https://registry.npmjs.org/async/-/async-2.1.4.tgz
167 http 200 https://registry.npmjs.org/minimist
168 verbose headers { server: 'nginx/1.10.1',
168 verbose headers   'content-type': 'application/json',
168 verbose headers   'last-modified': 'Sun, 29 Jan 2017 11:24:25 GMT',
168 verbose headers   etag: 'W/"588dd0e9-7365"',
168 verbose headers   'content-encoding': 'gzip',
168 verbose headers   'cache-control': 'max-age=300',
168 verbose headers   'content-length': '5559',
168 verbose headers   'accept-ranges': 'bytes',
168 verbose headers   date: 'Mon, 30 Jan 2017 15:43:25 GMT',
168 verbose headers   via: '1.1 varnish',
168 verbose headers   age: '181',
168 verbose headers   connection: 'keep-alive',
168 verbose headers   'x-served-by': 'cache-ams4425-AMS',
168 verbose headers   'x-cache': 'HIT',
168 verbose headers   'x-cache-hits': '14',
168 verbose headers   'x-timer': 'S1485791005.673278,VS0,VE0',
168 verbose headers   vary: 'Accept-Encoding' }
169 silly get cb [ 200,
169 silly get   { server: 'nginx/1.10.1',
169 silly get     'content-type': 'application/json',
169 silly get     'last-modified': 'Sun, 29 Jan 2017 11:24:25 GMT',
169 silly get     etag: 'W/"588dd0e9-7365"',
169 silly get     'content-encoding': 'gzip',
169 silly get     'cache-control': 'max-age=300',
169 silly get     'content-length': '5559',
169 silly get     'accept-ranges': 'bytes',
169 silly get     date: 'Mon, 30 Jan 2017 15:43:25 GMT',
169 silly get     via: '1.1 varnish',
169 silly get     age: '181',
169 silly get     connection: 'keep-alive',
169 silly get     'x-served-by': 'cache-ams4425-AMS',
169 silly get     'x-cache': 'HIT',
169 silly get     'x-cache-hits': '14',
169 silly get     'x-timer': 'S1485791005.673278,VS0,VE0',
169 silly get     vary: 'Accept-Encoding' } ]
170 verbose get saving minimist to /Users/egorhaskirish/.npm/registry.npmjs.org/minimist/.cache.json
171 verbose correctMkdir /Users/egorhaskirish/.npm correctMkdir not in flight; initializing
172 silly resolveWithNewModule minimist@1.2.0 checking installable status
173 silly cache add args [ 'minimist@^1.2.0', null ]
174 verbose cache add spec minimist@^1.2.0
175 silly cache add parsed spec Result {
175 silly cache add   raw: 'minimist@^1.2.0',
175 silly cache add   scope: null,
175 silly cache add   escapedName: 'minimist',
175 silly cache add   name: 'minimist',
175 silly cache add   rawSpec: '^1.2.0',
175 silly cache add   spec: '>=1.2.0 <2.0.0',
175 silly cache add   type: 'range' }
176 silly addNamed minimist@>=1.2.0 <2.0.0
177 verbose addNamed ">=1.2.0 <2.0.0" is a valid semver range for minimist
178 silly addNameRange { name: 'minimist', range: '>=1.2.0 <2.0.0', hasData: false }
179 silly mapToRegistry name minimist
180 silly mapToRegistry using default registry
181 silly mapToRegistry registry https://registry.npmjs.org/
182 silly mapToRegistry data Result {
182 silly mapToRegistry   raw: 'minimist',
182 silly mapToRegistry   scope: null,
182 silly mapToRegistry   escapedName: 'minimist',
182 silly mapToRegistry   name: 'minimist',
182 silly mapToRegistry   rawSpec: '',
182 silly mapToRegistry   spec: 'latest',
182 silly mapToRegistry   type: 'tag' }
183 silly mapToRegistry uri https://registry.npmjs.org/minimist
184 verbose addNameRange registry:https://registry.npmjs.org/minimist not in flight; fetching
185 verbose get https://registry.npmjs.org/minimist not expired, no request
186 silly addNameRange number 2 { name: 'minimist', range: '>=1.2.0 <2.0.0', hasData: true }
187 silly addNameRange versions [ 'minimist',
187 silly addNameRange   [ '0.0.0',
187 silly addNameRange     '0.0.1',
187 silly addNameRange     '0.0.2',
187 silly addNameRange     '0.0.3',
187 silly addNameRange     '0.0.4',
187 silly addNameRange     '0.0.5',
187 silly addNameRange     '0.0.6',
187 silly addNameRange     '0.0.7',
187 silly addNameRange     '0.0.8',
187 silly addNameRange     '0.0.9',
187 silly addNameRange     '0.0.10',
187 silly addNameRange     '0.1.0',
187 silly addNameRange     '0.2.0',
187 silly addNameRange     '1.0.0',
187 silly addNameRange     '1.1.0',
187 silly addNameRange     '1.1.1',
187 silly addNameRange     '1.1.2',
187 silly addNameRange     '1.1.3',
187 silly addNameRange     '1.2.0' ] ]
188 silly addNamed minimist@1.2.0
189 verbose addNamed "1.2.0" is a plain semver version for minimist
190 silly mapToRegistry name minimist
191 silly mapToRegistry using default registry
192 silly mapToRegistry registry https://registry.npmjs.org/
193 silly mapToRegistry data Result {
193 silly mapToRegistry   raw: 'minimist',
193 silly mapToRegistry   scope: null,
193 silly mapToRegistry   escapedName: 'minimist',
193 silly mapToRegistry   name: 'minimist',
193 silly mapToRegistry   rawSpec: '',
193 silly mapToRegistry   spec: 'latest',
193 silly mapToRegistry   type: 'tag' }
194 silly mapToRegistry uri https://registry.npmjs.org/minimist
195 verbose addRemoteTarball https://registry.npmjs.org/minimist/-/minimist-1.2.0.tgz not in flight; adding
196 verbose addRemoteTarball [ 'https://registry.npmjs.org/minimist/-/minimist-1.2.0.tgz',
196 verbose addRemoteTarball   'a35008b20f41383eec1fb914f4cd5df79a264284' ]
197 info retry fetch attempt 1 at 6:43:24 PM
198 info attempt registry request try #1 at 6:43:24 PM
199 http fetch GET https://registry.npmjs.org/minimist/-/minimist-1.2.0.tgz
200 http fetch 200 https://registry.npmjs.org/async/-/async-2.1.4.tgz
201 http 200 https://registry.npmjs.org/commit-hash
202 verbose headers { server: 'nginx/1.10.1',
202 verbose headers   'content-type': 'application/json',
202 verbose headers   'last-modified': 'Thu, 14 Jul 2016 15:25:35 GMT',
202 verbose headers   etag: 'W/"5787aeef-1097"',
202 verbose headers   'content-encoding': 'gzip',
202 verbose headers   'cache-control': 'max-age=300',
202 verbose headers   'content-length': '1323',
202 verbose headers   'accept-ranges': 'bytes',
202 verbose headers   date: 'Mon, 30 Jan 2017 15:43:25 GMT',
202 verbose headers   via: '1.1 varnish',
202 verbose headers   age: '0',
202 verbose headers   connection: 'keep-alive',
202 verbose headers   'x-served-by': 'cache-ams4438-AMS',
202 verbose headers   'x-cache': 'MISS',
202 verbose headers   'x-cache-hits': '0',
202 verbose headers   'x-timer': 'S1485791005.657261,VS0,VE60',
202 verbose headers   vary: 'Accept-Encoding' }
203 silly get cb [ 200,
203 silly get   { server: 'nginx/1.10.1',
203 silly get     'content-type': 'application/json',
203 silly get     'last-modified': 'Thu, 14 Jul 2016 15:25:35 GMT',
203 silly get     etag: 'W/"5787aeef-1097"',
203 silly get     'content-encoding': 'gzip',
203 silly get     'cache-control': 'max-age=300',
203 silly get     'content-length': '1323',
203 silly get     'accept-ranges': 'bytes',
203 silly get     date: 'Mon, 30 Jan 2017 15:43:25 GMT',
203 silly get     via: '1.1 varnish',
203 silly get     age: '0',
203 silly get     connection: 'keep-alive',
203 silly get     'x-served-by': 'cache-ams4438-AMS',
203 silly get     'x-cache': 'MISS',
203 silly get     'x-cache-hits': '0',
203 silly get     'x-timer': 'S1485791005.657261,VS0,VE60',
203 silly get     vary: 'Accept-Encoding' } ]
204 verbose get saving commit-hash to /Users/egorhaskirish/.npm/registry.npmjs.org/commit-hash/.cache.json
205 verbose correctMkdir /Users/egorhaskirish/.npm correctMkdir not in flight; initializing
206 http 200 https://registry.npmjs.org/open
207 verbose headers { server: 'nginx/1.10.1',
207 verbose headers   'content-type': 'application/json',
207 verbose headers   'last-modified': 'Fri, 25 Nov 2016 18:35:57 GMT',
207 verbose headers   etag: 'W/"5838848d-1d31"',
207 verbose headers   'content-encoding': 'gzip',
207 verbose headers   'cache-control': 'max-age=300',
207 verbose headers   'content-length': '1988',
207 verbose headers   'accept-ranges': 'bytes',
207 verbose headers   date: 'Mon, 30 Jan 2017 15:43:25 GMT',
207 verbose headers   via: '1.1 varnish',
207 verbose headers   age: '0',
207 verbose headers   connection: 'keep-alive',
207 verbose headers   'x-served-by': 'cache-ams4137-AMS',
207 verbose headers   'x-cache': 'HIT',
207 verbose headers   'x-cache-hits': '1',
207 verbose headers   'x-timer': 'S1485791005.662434,VS0,VE54',
207 verbose headers   vary: 'Accept-Encoding' }
208 silly get cb [ 200,
208 silly get   { server: 'nginx/1.10.1',
208 silly get     'content-type': 'application/json',
208 silly get     'last-modified': 'Fri, 25 Nov 2016 18:35:57 GMT',
208 silly get     etag: 'W/"5838848d-1d31"',
208 silly get     'content-encoding': 'gzip',
208 silly get     'cache-control': 'max-age=300',
208 silly get     'content-length': '1988',
208 silly get     'accept-ranges': 'bytes',
208 silly get     date: 'Mon, 30 Jan 2017 15:43:25 GMT',
208 silly get     via: '1.1 varnish',
208 silly get     age: '0',
208 silly get     connection: 'keep-alive',
208 silly get     'x-served-by': 'cache-ams4137-AMS',
208 silly get     'x-cache': 'HIT',
208 silly get     'x-cache-hits': '1',
208 silly get     'x-timer': 'S1485791005.662434,VS0,VE54',
208 silly get     vary: 'Accept-Encoding' } ]
209 verbose get saving open to /Users/egorhaskirish/.npm/registry.npmjs.org/open/.cache.json
210 verbose correctMkdir /Users/egorhaskirish/.npm correctMkdir not in flight; initializing
211 http 200 https://registry.npmjs.org/parse-repo
212 verbose headers { server: 'nginx/1.10.1',
212 verbose headers   'content-type': 'application/json',
212 verbose headers   'last-modified': 'Mon, 21 Mar 2016 18:38:06 GMT',
212 verbose headers   etag: 'W/"56f03f8e-10d4"',
212 verbose headers   'content-encoding': 'gzip',
212 verbose headers   'cache-control': 'max-age=300',
212 verbose headers   'content-length': '1243',
212 verbose headers   'accept-ranges': 'bytes',
212 verbose headers   date: 'Mon, 30 Jan 2017 15:43:25 GMT',
212 verbose headers   via: '1.1 varnish',
212 verbose headers   age: '0',
212 verbose headers   connection: 'keep-alive',
212 verbose headers   'x-served-by': 'cache-ams4433-AMS',
212 verbose headers   'x-cache': 'MISS',
212 verbose headers   'x-cache-hits': '0',
212 verbose headers   'x-timer': 'S1485791005.673495,VS0,VE45',
212 verbose headers   vary: 'Accept-Encoding' }
213 silly get cb [ 200,
213 silly get   { server: 'nginx/1.10.1',
213 silly get     'content-type': 'application/json',
213 silly get     'last-modified': 'Mon, 21 Mar 2016 18:38:06 GMT',
213 silly get     etag: 'W/"56f03f8e-10d4"',
213 silly get     'content-encoding': 'gzip',
213 silly get     'cache-control': 'max-age=300',
213 silly get     'content-length': '1243',
213 silly get     'accept-ranges': 'bytes',
213 silly get     date: 'Mon, 30 Jan 2017 15:43:25 GMT',
213 silly get     via: '1.1 varnish',
213 silly get     age: '0',
213 silly get     connection: 'keep-alive',
213 silly get     'x-served-by': 'cache-ams4433-AMS',
213 silly get     'x-cache': 'MISS',
213 silly get     'x-cache-hits': '0',
213 silly get     'x-timer': 'S1485791005.673495,VS0,VE45',
213 silly get     vary: 'Accept-Encoding' } ]
214 verbose get saving parse-repo to /Users/egorhaskirish/.npm/registry.npmjs.org/parse-repo/.cache.json
215 verbose correctMkdir /Users/egorhaskirish/.npm correctMkdir not in flight; initializing
216 silly resolveWithNewModule commit-hash@0.1.2 checking installable status
217 silly cache add args [ 'commit-hash@^0.1.2', null ]
218 verbose cache add spec commit-hash@^0.1.2
219 silly cache add parsed spec Result {
219 silly cache add   raw: 'commit-hash@^0.1.2',
219 silly cache add   scope: null,
219 silly cache add   escapedName: 'commit-hash',
219 silly cache add   name: 'commit-hash',
219 silly cache add   rawSpec: '^0.1.2',
219 silly cache add   spec: '>=0.1.2 <0.2.0',
219 silly cache add   type: 'range' }
220 silly addNamed commit-hash@>=0.1.2 <0.2.0
221 verbose addNamed ">=0.1.2 <0.2.0" is a valid semver range for commit-hash
222 silly addNameRange { name: 'commit-hash', range: '>=0.1.2 <0.2.0', hasData: false }
223 silly mapToRegistry name commit-hash
224 silly mapToRegistry using default registry
225 silly mapToRegistry registry https://registry.npmjs.org/
226 silly mapToRegistry data Result {
226 silly mapToRegistry   raw: 'commit-hash',
226 silly mapToRegistry   scope: null,
226 silly mapToRegistry   escapedName: 'commit-hash',
226 silly mapToRegistry   name: 'commit-hash',
226 silly mapToRegistry   rawSpec: '',
226 silly mapToRegistry   spec: 'latest',
226 silly mapToRegistry   type: 'tag' }
227 silly mapToRegistry uri https://registry.npmjs.org/commit-hash
228 verbose addNameRange registry:https://registry.npmjs.org/commit-hash not in flight; fetching
229 silly resolveWithNewModule open@0.0.5 checking installable status
230 silly cache add args [ 'open@0.0.5', null ]
231 verbose cache add spec open@0.0.5
232 silly cache add parsed spec Result {
232 silly cache add   raw: 'open@0.0.5',
232 silly cache add   scope: null,
232 silly cache add   escapedName: 'open',
232 silly cache add   name: 'open',
232 silly cache add   rawSpec: '0.0.5',
232 silly cache add   spec: '0.0.5',
232 silly cache add   type: 'version' }
233 silly addNamed open@0.0.5
234 verbose addNamed "0.0.5" is a plain semver version for open
235 silly mapToRegistry name open
236 silly mapToRegistry using default registry
237 silly mapToRegistry registry https://registry.npmjs.org/
238 silly mapToRegistry data Result {
238 silly mapToRegistry   raw: 'open',
238 silly mapToRegistry   scope: null,
238 silly mapToRegistry   escapedName: 'open',
238 silly mapToRegistry   name: 'open',
238 silly mapToRegistry   rawSpec: '',
238 silly mapToRegistry   spec: 'latest',
238 silly mapToRegistry   type: 'tag' }
239 silly mapToRegistry uri https://registry.npmjs.org/open
240 verbose addNameVersion registry:https://registry.npmjs.org/open not in flight; fetching
241 silly resolveWithNewModule parse-repo@1.0.1 checking installable status
242 silly cache add args [ 'parse-repo@^1.0.1', null ]
243 verbose cache add spec parse-repo@^1.0.1
244 silly cache add parsed spec Result {
244 silly cache add   raw: 'parse-repo@^1.0.1',
244 silly cache add   scope: null,
244 silly cache add   escapedName: 'parse-repo',
244 silly cache add   name: 'parse-repo',
244 silly cache add   rawSpec: '^1.0.1',
244 silly cache add   spec: '>=1.0.1 <2.0.0',
244 silly cache add   type: 'range' }
245 silly addNamed parse-repo@>=1.0.1 <2.0.0
246 verbose addNamed ">=1.0.1 <2.0.0" is a valid semver range for parse-repo
247 silly addNameRange { name: 'parse-repo', range: '>=1.0.1 <2.0.0', hasData: false }
248 silly mapToRegistry name parse-repo
249 silly mapToRegistry using default registry
250 silly mapToRegistry registry https://registry.npmjs.org/
251 silly mapToRegistry data Result {
251 silly mapToRegistry   raw: 'parse-repo',
251 silly mapToRegistry   scope: null,
251 silly mapToRegistry   escapedName: 'parse-repo',
251 silly mapToRegistry   name: 'parse-repo',
251 silly mapToRegistry   rawSpec: '',
251 silly mapToRegistry   spec: 'latest',
251 silly mapToRegistry   type: 'tag' }
252 silly mapToRegistry uri https://registry.npmjs.org/parse-repo
253 verbose addNameRange registry:https://registry.npmjs.org/parse-repo not in flight; fetching
254 verbose get https://registry.npmjs.org/commit-hash not expired, no request
255 silly addNameRange number 2 { name: 'commit-hash', range: '>=0.1.2 <0.2.0', hasData: true }
256 silly addNameRange versions [ 'commit-hash', [ '0.1.1', '0.1.2' ] ]
257 silly addNamed commit-hash@0.1.2
258 verbose addNamed "0.1.2" is a plain semver version for commit-hash
259 silly mapToRegistry name commit-hash
260 silly mapToRegistry using default registry
261 silly mapToRegistry registry https://registry.npmjs.org/
262 silly mapToRegistry data Result {
262 silly mapToRegistry   raw: 'commit-hash',
262 silly mapToRegistry   scope: null,
262 silly mapToRegistry   escapedName: 'commit-hash',
262 silly mapToRegistry   name: 'commit-hash',
262 silly mapToRegistry   rawSpec: '',
262 silly mapToRegistry   spec: 'latest',
262 silly mapToRegistry   type: 'tag' }
263 silly mapToRegistry uri https://registry.npmjs.org/commit-hash
264 verbose addRemoteTarball https://registry.npmjs.org/commit-hash/-/commit-hash-0.1.2.tgz not in flight; adding
265 verbose addRemoteTarball [ 'https://registry.npmjs.org/commit-hash/-/commit-hash-0.1.2.tgz',
265 verbose addRemoteTarball   '957076df61e7594430f8393778833d02f12d4b21' ]
266 verbose get https://registry.npmjs.org/open not expired, no request
267 verbose get https://registry.npmjs.org/parse-repo not expired, no request
268 silly addNameRange number 2 { name: 'parse-repo', range: '>=1.0.1 <2.0.0', hasData: true }
269 silly addNameRange versions [ 'parse-repo', [ '1.0.0', '1.0.1' ] ]
270 silly addNamed parse-repo@1.0.1
271 verbose addNamed "1.0.1" is a plain semver version for parse-repo
272 silly mapToRegistry name open
273 silly mapToRegistry using default registry
274 silly mapToRegistry registry https://registry.npmjs.org/
275 silly mapToRegistry data Result {
275 silly mapToRegistry   raw: 'open',
275 silly mapToRegistry   scope: null,
275 silly mapToRegistry   escapedName: 'open',
275 silly mapToRegistry   name: 'open',
275 silly mapToRegistry   rawSpec: '',
275 silly mapToRegistry   spec: 'latest',
275 silly mapToRegistry   type: 'tag' }
276 silly mapToRegistry uri https://registry.npmjs.org/open
277 verbose addRemoteTarball https://registry.npmjs.org/open/-/open-0.0.5.tgz not in flight; adding
278 verbose addRemoteTarball [ 'https://registry.npmjs.org/open/-/open-0.0.5.tgz',
278 verbose addRemoteTarball   '42c3e18ec95466b6bf0dc42f3a2945c3f0cad8fc' ]
279 silly mapToRegistry name parse-repo
280 silly mapToRegistry using default registry
281 silly mapToRegistry registry https://registry.npmjs.org/
282 silly mapToRegistry data Result {
282 silly mapToRegistry   raw: 'parse-repo',
282 silly mapToRegistry   scope: null,
282 silly mapToRegistry   escapedName: 'parse-repo',
282 silly mapToRegistry   name: 'parse-repo',
282 silly mapToRegistry   rawSpec: '',
282 silly mapToRegistry   spec: 'latest',
282 silly mapToRegistry   type: 'tag' }
283 silly mapToRegistry uri https://registry.npmjs.org/parse-repo
284 verbose addRemoteTarball https://registry.npmjs.org/parse-repo/-/parse-repo-1.0.1.tgz not in flight; adding
285 verbose addRemoteTarball [ 'https://registry.npmjs.org/parse-repo/-/parse-repo-1.0.1.tgz',
285 verbose addRemoteTarball   'b8a81ef4746064c7d89dcb60b3c74a9ad6700720' ]
286 info retry fetch attempt 1 at 6:43:24 PM
287 info attempt registry request try #1 at 6:43:24 PM
288 http fetch GET https://registry.npmjs.org/commit-hash/-/commit-hash-0.1.2.tgz
289 info retry fetch attempt 1 at 6:43:24 PM
290 info attempt registry request try #1 at 6:43:24 PM
291 http fetch GET https://registry.npmjs.org/open/-/open-0.0.5.tgz
292 info retry fetch attempt 1 at 6:43:24 PM
293 info attempt registry request try #1 at 6:43:24 PM
294 http fetch GET https://registry.npmjs.org/parse-repo/-/parse-repo-1.0.1.tgz
295 http 200 https://registry.npmjs.org/lodash
296 verbose headers { server: 'nginx/1.10.1',
296 verbose headers   'content-type': 'application/json',
296 verbose headers   'last-modified': 'Mon, 30 Jan 2017 02:16:51 GMT',
296 verbose headers   etag: 'W/"588ea213-28ea5"',
296 verbose headers   'content-encoding': 'gzip',
296 verbose headers   'cache-control': 'max-age=300',
296 verbose headers   'content-length': '16855',
296 verbose headers   'accept-ranges': 'bytes',
296 verbose headers   date: 'Mon, 30 Jan 2017 15:43:25 GMT',
296 verbose headers   via: '1.1 varnish',
296 verbose headers   age: '268',
296 verbose headers   connection: 'keep-alive',
296 verbose headers   'x-served-by': 'cache-ams4131-AMS',
296 verbose headers   'x-cache': 'HIT',
296 verbose headers   'x-cache-hits': '20',
296 verbose headers   'x-timer': 'S1485791005.666468,VS0,VE0',
296 verbose headers   vary: 'Accept-Encoding' }
297 silly get cb [ 200,
297 silly get   { server: 'nginx/1.10.1',
297 silly get     'content-type': 'application/json',
297 silly get     'last-modified': 'Mon, 30 Jan 2017 02:16:51 GMT',
297 silly get     etag: 'W/"588ea213-28ea5"',
297 silly get     'content-encoding': 'gzip',
297 silly get     'cache-control': 'max-age=300',
297 silly get     'content-length': '16855',
297 silly get     'accept-ranges': 'bytes',
297 silly get     date: 'Mon, 30 Jan 2017 15:43:25 GMT',
297 silly get     via: '1.1 varnish',
297 silly get     age: '268',
297 silly get     connection: 'keep-alive',
297 silly get     'x-served-by': 'cache-ams4131-AMS',
297 silly get     'x-cache': 'HIT',
297 silly get     'x-cache-hits': '20',
297 silly get     'x-timer': 'S1485791005.666468,VS0,VE0',
297 silly get     vary: 'Accept-Encoding' } ]
298 verbose get saving lodash to /Users/egorhaskirish/.npm/registry.npmjs.org/lodash/.cache.json
299 verbose correctMkdir /Users/egorhaskirish/.npm correctMkdir not in flight; initializing
300 http fetch 200 https://registry.npmjs.org/minimist/-/minimist-1.2.0.tgz
301 silly fetchAndShaCheck shasum a35008b20f41383eec1fb914f4cd5df79a264284
302 verbose addTmpTarball /var/folders/bl/g8swbtg93_746wk4h_3x6rbc0000gn/T/npm-7803-7da2a330/registry.npmjs.org/minimist/-/minimist-1.2.0.tgz not in flight; adding
303 verbose addTmpTarball already have metadata; skipping unpack for minimist@1.2.0
304 verbose correctMkdir /Users/egorhaskirish/.npm correctMkdir not in flight; initializing
305 silly resolveWithNewModule lodash@4.17.4 checking installable status
306 silly cache add args [ 'lodash@^4.12.0', null ]
307 verbose cache add spec lodash@^4.12.0
308 silly cache add parsed spec Result {
308 silly cache add   raw: 'lodash@^4.12.0',
308 silly cache add   scope: null,
308 silly cache add   escapedName: 'lodash',
308 silly cache add   name: 'lodash',
308 silly cache add   rawSpec: '^4.12.0',
308 silly cache add   spec: '>=4.12.0 <5.0.0',
308 silly cache add   type: 'range' }
309 silly addNamed lodash@>=4.12.0 <5.0.0
310 verbose addNamed ">=4.12.0 <5.0.0" is a valid semver range for lodash
311 silly addNameRange { name: 'lodash', range: '>=4.12.0 <5.0.0', hasData: false }
312 silly mapToRegistry name lodash
313 silly mapToRegistry using default registry
314 silly mapToRegistry registry https://registry.npmjs.org/
315 silly mapToRegistry data Result {
315 silly mapToRegistry   raw: 'lodash',
315 silly mapToRegistry   scope: null,
315 silly mapToRegistry   escapedName: 'lodash',
315 silly mapToRegistry   name: 'lodash',
315 silly mapToRegistry   rawSpec: '',
315 silly mapToRegistry   spec: 'latest',
315 silly mapToRegistry   type: 'tag' }
316 silly mapToRegistry uri https://registry.npmjs.org/lodash
317 verbose addNameRange registry:https://registry.npmjs.org/lodash not in flight; fetching
318 verbose get https://registry.npmjs.org/lodash not expired, no request
319 silly addNameRange number 2 { name: 'lodash', range: '>=4.12.0 <5.0.0', hasData: true }
320 silly addNameRange versions [ 'lodash',
320 silly addNameRange   [ '0.1.0',
320 silly addNameRange     '0.2.0',
320 silly addNameRange     '0.2.1',
320 silly addNameRange     '0.2.2',
320 silly addNameRange     '0.3.0',
320 silly addNameRange     '0.3.1',
320 silly addNameRange     '0.3.2',
320 silly addNameRange     '0.4.0',
320 silly addNameRange     '0.4.1',
320 silly addNameRange     '0.4.2',
320 silly addNameRange     '0.5.0-rc.1',
320 silly addNameRange     '0.5.0',
320 silly addNameRange     '0.5.1',
320 silly addNameRange     '0.5.2',
320 silly addNameRange     '0.6.0',
320 silly addNameRange     '0.6.1',
320 silly addNameRange     '0.7.0',
320 silly addNameRange     '0.8.0',
320 silly addNameRange     '0.8.1',
320 silly addNameRange     '0.8.2',
320 silly addNameRange     '0.9.0',
320 silly addNameRange     '0.9.1',
320 silly addNameRange     '0.9.2',
320 silly addNameRange     '0.10.0',
320 silly addNameRange     '1.0.0-rc.1',
320 silly addNameRange     '1.0.0-rc.2',
320 silly addNameRange     '1.0.0-rc.3',
320 silly addNameRange     '1.0.0',
320 silly addNameRange     '1.0.1',
320 silly addNameRange     '1.1.0',
320 silly addNameRange     '1.1.1',
320 silly addNameRange     '1.2.0',
320 silly addNameRange     '1.2.1',
320 silly addNameRange     '1.3.0',
320 silly addNameRange     '1.3.1',
320 silly addNameRange     '2.0.0',
320 silly addNameRange     '2.1.0',
320 silly addNameRange     '2.2.0',
320 silly addNameRange     '2.2.1',
320 silly addNameRange     '2.3.0',
320 silly addNameRange     '2.4.0',
320 silly addNameRange     '2.4.1',
320 silly addNameRange     '3.0.0',
320 silly addNameRange     '3.0.1',
320 silly addNameRange     '3.1.0',
320 silly addNameRange     '3.2.0',
320 silly addNameRange     '3.3.0',
320 silly addNameRange     '3.3.1',
320 silly addNameRange     '3.4.0',
320 silly addNameRange     '3.5.0',
320 silly addNameRange     '3.6.0',
320 silly addNameRange     '1.0.2',
320 silly addNameRange     '3.7.0',
320 silly addNameRange     '2.4.2',
320 silly addNameRange     '3.8.0',
320 silly addNameRange     '3.9.0',
320 silly addNameRange     '3.9.1',
320 silly addNameRange     '3.9.2',
320 silly addNameRange     '3.9.3',
320 silly addNameRange     '3.10.0',
320 silly addNameRange     '3.10.1',
320 silly addNameRange     '4.0.0',
320 silly addNameRange     '4.0.1',
320 silly addNameRange     '4.1.0',
320 silly addNameRange     '4.2.0',
320 silly addNameRange     '4.2.1',
320 silly addNameRange     '4.3.0',
320 silly addNameRange     '4.4.0',
320 silly addNameRange     '4.5.0',
320 silly addNameRange     '4.5.1',
320 silly addNameRange     '4.6.0',
320 silly addNameRange     '4.6.1',
320 silly addNameRange     '4.7.0',
320 silly addNameRange     '4.8.0',
320 silly addNameRange     '4.8.1',
320 silly addNameRange     '4.8.2',
320 silly addNameRange     '4.9.0',
320 silly addNameRange     '4.10.0',
320 silly addNameRange     '4.11.0',
320 silly addNameRange     '4.11.1',
320 silly addNameRange     '4.11.2',
320 silly addNameRange     '4.12.0',
320 silly addNameRange     '4.13.0',
320 silly addNameRange     '4.13.1',
320 silly addNameRange     '4.14.0',
320 silly addNameRange     '4.14.1',
320 silly addNameRange     '4.14.2',
320 silly addNameRange     '4.15.0',
320 silly addNameRange     '4.16.0',
320 silly addNameRange     '4.16.1',
320 silly addNameRange     '4.16.2',
320 silly addNameRange     '4.16.3',
320 silly addNameRange     '4.16.4',
320 silly addNameRange     '4.16.5',
320 silly addNameRange     '4.16.6',
320 silly addNameRange     '4.17.0',
320 silly addNameRange     '4.17.1',
320 silly addNameRange     '4.17.2',
320 silly addNameRange     '4.17.3',
320 silly addNameRange     '4.17.4' ] ]
321 silly addNamed lodash@4.17.4
322 verbose addNamed "4.17.4" is a plain semver version for lodash
323 silly mapToRegistry name lodash
324 silly mapToRegistry using default registry
325 silly mapToRegistry registry https://registry.npmjs.org/
326 silly mapToRegistry data Result {
326 silly mapToRegistry   raw: 'lodash',
326 silly mapToRegistry   scope: null,
326 silly mapToRegistry   escapedName: 'lodash',
326 silly mapToRegistry   name: 'lodash',
326 silly mapToRegistry   rawSpec: '',
326 silly mapToRegistry   spec: 'latest',
326 silly mapToRegistry   type: 'tag' }
327 silly mapToRegistry uri https://registry.npmjs.org/lodash
328 verbose addRemoteTarball https://registry.npmjs.org/lodash/-/lodash-4.17.4.tgz not in flight; adding
329 verbose addRemoteTarball [ 'https://registry.npmjs.org/lodash/-/lodash-4.17.4.tgz',
329 verbose addRemoteTarball   '78203a4d1c328ae1d86dca6460e369b57f4055ae' ]
330 info retry fetch attempt 1 at 6:43:24 PM
331 info attempt registry request try #1 at 6:43:24 PM
332 http fetch GET https://registry.npmjs.org/lodash/-/lodash-4.17.4.tgz
333 silly cache afterAdd minimist@1.2.0
334 verbose afterAdd /Users/egorhaskirish/.npm/minimist/1.2.0/package/package.json not in flight; writing
335 verbose correctMkdir /Users/egorhaskirish/.npm correctMkdir not in flight; initializing
336 verbose afterAdd /Users/egorhaskirish/.npm/minimist/1.2.0/package/package.json written
337 http fetch 200 https://registry.npmjs.org/commit-hash/-/commit-hash-0.1.2.tgz
338 http fetch 200 https://registry.npmjs.org/open/-/open-0.0.5.tgz
339 silly fetchAndShaCheck shasum 957076df61e7594430f8393778833d02f12d4b21
340 silly fetchAndShaCheck shasum 42c3e18ec95466b6bf0dc42f3a2945c3f0cad8fc
341 verbose addTmpTarball /var/folders/bl/g8swbtg93_746wk4h_3x6rbc0000gn/T/npm-7803-7da2a330/registry.npmjs.org/commit-hash/-/commit-hash-0.1.2.tgz not in flight; adding
342 verbose addTmpTarball already have metadata; skipping unpack for commit-hash@0.1.2
343 verbose correctMkdir /Users/egorhaskirish/.npm correctMkdir not in flight; initializing
344 verbose addTmpTarball /var/folders/bl/g8swbtg93_746wk4h_3x6rbc0000gn/T/npm-7803-7da2a330/registry.npmjs.org/open/-/open-0.0.5.tgz not in flight; adding
345 verbose addTmpTarball already have metadata; skipping unpack for open@0.0.5
346 verbose correctMkdir /Users/egorhaskirish/.npm correctMkdir not in flight; initializing
347 http fetch 200 https://registry.npmjs.org/parse-repo/-/parse-repo-1.0.1.tgz
348 silly fetchAndShaCheck shasum b8a81ef4746064c7d89dcb60b3c74a9ad6700720
349 verbose addTmpTarball /var/folders/bl/g8swbtg93_746wk4h_3x6rbc0000gn/T/npm-7803-7da2a330/registry.npmjs.org/parse-repo/-/parse-repo-1.0.1.tgz not in flight; adding
350 verbose addTmpTarball already have metadata; skipping unpack for parse-repo@1.0.1
351 verbose correctMkdir /Users/egorhaskirish/.npm correctMkdir not in flight; initializing
352 silly cache afterAdd open@0.0.5
353 verbose afterAdd /Users/egorhaskirish/.npm/open/0.0.5/package/package.json not in flight; writing
354 verbose correctMkdir /Users/egorhaskirish/.npm correctMkdir not in flight; initializing
355 silly cache afterAdd commit-hash@0.1.2
356 verbose afterAdd /Users/egorhaskirish/.npm/commit-hash/0.1.2/package/package.json not in flight; writing
357 verbose correctMkdir /Users/egorhaskirish/.npm correctMkdir not in flight; initializing
358 verbose afterAdd /Users/egorhaskirish/.npm/open/0.0.5/package/package.json written
359 verbose afterAdd /Users/egorhaskirish/.npm/commit-hash/0.1.2/package/package.json written
360 silly cache afterAdd parse-repo@1.0.1
361 verbose afterAdd /Users/egorhaskirish/.npm/parse-repo/1.0.1/package/package.json not in flight; writing
362 verbose correctMkdir /Users/egorhaskirish/.npm correctMkdir not in flight; initializing
363 verbose afterAdd /Users/egorhaskirish/.npm/parse-repo/1.0.1/package/package.json written
364 http fetch 200 https://registry.npmjs.org/lodash/-/lodash-4.17.4.tgz
365 silly fetchAndShaCheck shasum 2d2160c7788032e4dd6cbe2502f1f9a2c8f6cde4
366 verbose addTmpTarball /var/folders/bl/g8swbtg93_746wk4h_3x6rbc0000gn/T/npm-7803-7da2a330/registry.npmjs.org/async/-/async-2.1.4.tgz not in flight; adding
367 verbose addTmpTarball already have metadata; skipping unpack for async@2.1.4
368 verbose correctMkdir /Users/egorhaskirish/.npm correctMkdir not in flight; initializing
369 silly cache afterAdd async@2.1.4
370 verbose afterAdd /Users/egorhaskirish/.npm/async/2.1.4/package/package.json not in flight; writing
371 verbose correctMkdir /Users/egorhaskirish/.npm correctMkdir not in flight; initializing
372 verbose afterAdd /Users/egorhaskirish/.npm/async/2.1.4/package/package.json written
373 silly fetchAndShaCheck shasum 78203a4d1c328ae1d86dca6460e369b57f4055ae
374 verbose addTmpTarball /var/folders/bl/g8swbtg93_746wk4h_3x6rbc0000gn/T/npm-7803-7da2a330/registry.npmjs.org/lodash/-/lodash-4.17.4.tgz not in flight; adding
375 verbose addTmpTarball already have metadata; skipping unpack for lodash@4.17.4
376 verbose correctMkdir /Users/egorhaskirish/.npm correctMkdir not in flight; initializing
377 silly cache afterAdd lodash@4.17.4
378 verbose afterAdd /Users/egorhaskirish/.npm/lodash/4.17.4/package/package.json not in flight; writing
379 verbose correctMkdir /Users/egorhaskirish/.npm correctMkdir not in flight; initializing
380 verbose afterAdd /Users/egorhaskirish/.npm/lodash/4.17.4/package/package.json written
381 silly fetchNamedPackageData is-function
382 silly mapToRegistry name is-function
383 silly mapToRegistry using default registry
384 silly mapToRegistry registry https://registry.npmjs.org/
385 silly mapToRegistry data Result {
385 silly mapToRegistry   raw: 'is-function',
385 silly mapToRegistry   scope: null,
385 silly mapToRegistry   escapedName: 'is-function',
385 silly mapToRegistry   name: 'is-function',
385 silly mapToRegistry   rawSpec: '',
385 silly mapToRegistry   spec: 'latest',
385 silly mapToRegistry   type: 'tag' }
386 silly mapToRegistry uri https://registry.npmjs.org/is-function
387 verbose request uri https://registry.npmjs.org/is-function
388 verbose request no auth needed
389 info attempt registry request try #1 at 6:43:24 PM
390 http request GET https://registry.npmjs.org/is-function
391 http 200 https://registry.npmjs.org/is-function
392 verbose headers { server: 'nginx/1.10.1',
392 verbose headers   'content-type': 'application/json',
392 verbose headers   'last-modified': 'Tue, 01 Nov 2016 17:38:06 GMT',
392 verbose headers   etag: 'W/"5818d2fe-12ba"',
392 verbose headers   'content-encoding': 'gzip',
392 verbose headers   'cache-control': 'max-age=300',
392 verbose headers   'content-length': '1155',
392 verbose headers   'accept-ranges': 'bytes',
392 verbose headers   date: 'Mon, 30 Jan 2017 15:43:26 GMT',
392 verbose headers   via: '1.1 varnish',
392 verbose headers   age: '110',
392 verbose headers   connection: 'keep-alive',
392 verbose headers   'x-served-by': 'cache-ams4425-AMS',
392 verbose headers   'x-cache': 'HIT',
392 verbose headers   'x-cache-hits': '1',
392 verbose headers   'x-timer': 'S1485791006.234353,VS0,VE0',
392 verbose headers   vary: 'Accept-Encoding' }
393 silly get cb [ 200,
393 silly get   { server: 'nginx/1.10.1',
393 silly get     'content-type': 'application/json',
393 silly get     'last-modified': 'Tue, 01 Nov 2016 17:38:06 GMT',
393 silly get     etag: 'W/"5818d2fe-12ba"',
393 silly get     'content-encoding': 'gzip',
393 silly get     'cache-control': 'max-age=300',
393 silly get     'content-length': '1155',
393 silly get     'accept-ranges': 'bytes',
393 silly get     date: 'Mon, 30 Jan 2017 15:43:26 GMT',
393 silly get     via: '1.1 varnish',
393 silly get     age: '110',
393 silly get     connection: 'keep-alive',
393 silly get     'x-served-by': 'cache-ams4425-AMS',
393 silly get     'x-cache': 'HIT',
393 silly get     'x-cache-hits': '1',
393 silly get     'x-timer': 'S1485791006.234353,VS0,VE0',
393 silly get     vary: 'Accept-Encoding' } ]
394 verbose get saving is-function to /Users/egorhaskirish/.npm/registry.npmjs.org/is-function/.cache.json
395 verbose correctMkdir /Users/egorhaskirish/.npm correctMkdir not in flight; initializing
396 silly resolveWithNewModule is-function@1.0.1 checking installable status
397 silly cache add args [ 'is-function@^1.0.1', null ]
398 verbose cache add spec is-function@^1.0.1
399 silly cache add parsed spec Result {
399 silly cache add   raw: 'is-function@^1.0.1',
399 silly cache add   scope: null,
399 silly cache add   escapedName: 'is-function',
399 silly cache add   name: 'is-function',
399 silly cache add   rawSpec: '^1.0.1',
399 silly cache add   spec: '>=1.0.1 <2.0.0',
399 silly cache add   type: 'range' }
400 silly addNamed is-function@>=1.0.1 <2.0.0
401 verbose addNamed ">=1.0.1 <2.0.0" is a valid semver range for is-function
402 silly addNameRange { name: 'is-function', range: '>=1.0.1 <2.0.0', hasData: false }
403 silly mapToRegistry name is-function
404 silly mapToRegistry using default registry
405 silly mapToRegistry registry https://registry.npmjs.org/
406 silly mapToRegistry data Result {
406 silly mapToRegistry   raw: 'is-function',
406 silly mapToRegistry   scope: null,
406 silly mapToRegistry   escapedName: 'is-function',
406 silly mapToRegistry   name: 'is-function',
406 silly mapToRegistry   rawSpec: '',
406 silly mapToRegistry   spec: 'latest',
406 silly mapToRegistry   type: 'tag' }
407 silly mapToRegistry uri https://registry.npmjs.org/is-function
408 verbose addNameRange registry:https://registry.npmjs.org/is-function not in flight; fetching
409 verbose get https://registry.npmjs.org/is-function not expired, no request
410 silly addNameRange number 2 { name: 'is-function', range: '>=1.0.1 <2.0.0', hasData: true }
411 silly addNameRange versions [ 'is-function', [ '0.0.0', '1.0.0', '1.0.1' ] ]
412 silly addNamed is-function@1.0.1
413 verbose addNamed "1.0.1" is a plain semver version for is-function
414 silly mapToRegistry name is-function
415 silly mapToRegistry using default registry
416 silly mapToRegistry registry https://registry.npmjs.org/
417 silly mapToRegistry data Result {
417 silly mapToRegistry   raw: 'is-function',
417 silly mapToRegistry   scope: null,
417 silly mapToRegistry   escapedName: 'is-function',
417 silly mapToRegistry   name: 'is-function',
417 silly mapToRegistry   rawSpec: '',
417 silly mapToRegistry   spec: 'latest',
417 silly mapToRegistry   type: 'tag' }
418 silly mapToRegistry uri https://registry.npmjs.org/is-function
419 verbose addRemoteTarball https://registry.npmjs.org/is-function/-/is-function-1.0.1.tgz not in flight; adding
420 verbose addRemoteTarball [ 'https://registry.npmjs.org/is-function/-/is-function-1.0.1.tgz',
420 verbose addRemoteTarball   '12cfb98b65b57dd3d193a3121f5f6e2f437602b5' ]
421 info retry fetch attempt 1 at 6:43:24 PM
422 info attempt registry request try #1 at 6:43:24 PM
423 http fetch GET https://registry.npmjs.org/is-function/-/is-function-1.0.1.tgz
424 http fetch 200 https://registry.npmjs.org/is-function/-/is-function-1.0.1.tgz
425 silly fetchAndShaCheck shasum 12cfb98b65b57dd3d193a3121f5f6e2f437602b5
426 verbose addTmpTarball /var/folders/bl/g8swbtg93_746wk4h_3x6rbc0000gn/T/npm-7803-7da2a330/registry.npmjs.org/is-function/-/is-function-1.0.1.tgz not in flight; adding
427 verbose addTmpTarball already have metadata; skipping unpack for is-function@1.0.1
428 verbose correctMkdir /Users/egorhaskirish/.npm correctMkdir not in flight; initializing
429 silly cache afterAdd is-function@1.0.1
430 verbose afterAdd /Users/egorhaskirish/.npm/is-function/1.0.1/package/package.json not in flight; writing
431 verbose correctMkdir /Users/egorhaskirish/.npm correctMkdir not in flight; initializing
432 verbose afterAdd /Users/egorhaskirish/.npm/is-function/1.0.1/package/package.json written
433 silly loadAllDepsIntoIdealTree Finishing
434 silly loadIdealTree Finishing
435 silly currentTree lib
436 silly idealTree lib
436 silly idealTree  git-public-url@1.0.3
436 silly idealTree    async@2.1.4
436 silly idealTree    commit-hash@0.1.2
436 silly idealTree    is-function@1.0.1
436 silly idealTree    lodash@4.17.4
436 silly idealTree    minimist@1.2.0
436 silly idealTree    open@0.0.5
436 silly idealTree    parse-repo@1.0.1
437 silly generateActionsToTake Starting
438 silly install generateActionsToTake
439 warn checkPermissions Missing write access to /usr/local/lib/node_modules
440 silly rollbackFailedOptional Starting
441 silly rollbackFailedOptional Finishing
442 silly runTopLevelLifecycles Finishing
443 silly install printInstalled
444 verbose stack Error: EACCES: permission denied, access '/usr/local/lib/node_modules'
444 verbose stack     at Error (native)
445 verbose cwd /Users/egorhaskirish/Documents/Developer/frontend-nanodegree-mobile-portfolio
446 error Darwin 16.3.0
447 error argv "/usr/local/bin/node" "/usr/local/bin/npm" "install" "-g" "git-public-url"
448 error node v6.9.4
449 error npm  v3.10.10
450 error path /usr/local/lib/node_modules
451 error code EACCES
452 error errno -13
453 error syscall access
454 error Error: EACCES: permission denied, access '/usr/local/lib/node_modules'
454 error     at Error (native)
454 error  { Error: EACCES: permission denied, access '/usr/local/lib/node_modules'
454 error     at Error (native)
454 error   errno: -13,
454 error   code: 'EACCES',
454 error   syscall: 'access',
454 error   path: '/usr/local/lib/node_modules' }
455 error Please try running this command again as root/Administrator.
456 verbose exit [ -13, true ]
